<?xml version="1.0" encoding="UTF-8"?>
<testsuite xmlns:xsi="http://www.w3.org/2001/XMLSchema-instance" xsi:noNamespaceSchemaLocation="https://maven.apache.org/surefire/maven-surefire-plugin/xsd/surefire-test-report.xsd" name="wargames.GeneralTest" time="0.221" tests="9" errors="0" skipped="0" failures="0">
  <properties>
    <property name="java.specification.version" value="17"/>
    <property name="sun.cpu.isalist" value="amd64"/>
    <property name="sun.jnu.encoding" value="Cp1250"/>
    <property name="java.class.path" value="C:\Users\ekrysiewicz\Desktop\JAVA PROJEKTY\4-grywojenne-PatrykCzartowski-main\wargames\target\test-classes;C:\Users\ekrysiewicz\Desktop\JAVA PROJEKTY\4-grywojenne-PatrykCzartowski-main\wargames\target\classes;C:\Users\ekrysiewicz\.m2\repository\junit\junit\4.11\junit-4.11.jar;C:\Users\ekrysiewicz\.m2\repository\org\hamcrest\hamcrest-core\1.3\hamcrest-core-1.3.jar;"/>
    <property name="java.vm.vendor" value="Eclipse Adoptium"/>
    <property name="sun.arch.data.model" value="64"/>
    <property name="user.variant" value=""/>
    <property name="java.vendor.url" value="https://adoptium.net/"/>
    <property name="user.timezone" value="Europe/Warsaw"/>
    <property name="os.name" value="Windows 10"/>
    <property name="java.vm.specification.version" value="17"/>
    <property name="user.country" value="PL"/>
    <property name="sun.java.launcher" value="SUN_STANDARD"/>
    <property name="sun.boot.library.path" value="C:\Program Files\Eclipse Adoptium\jdk-17.0.13.11-hotspot\bin"/>
    <property name="sun.java.command" value="C:\Users\EKRYSI~1\AppData\Local\Temp\surefire1937040783458545537\surefirebooter833700331230593845.jar C:\Users\ekrysiewicz\AppData\Local\Temp\surefire1937040783458545537 2025-01-17T20-17-22_107-jvmRun1 surefire5761344280680536232tmp surefire_0479399799924300921tmp"/>
    <property name="jdk.debug" value="release"/>
    <property name="test" value="wargames.GeneralTest"/>
    <property name="surefire.test.class.path" value="C:\Users\ekrysiewicz\Desktop\JAVA PROJEKTY\4-grywojenne-PatrykCzartowski-main\wargames\target\test-classes;C:\Users\ekrysiewicz\Desktop\JAVA PROJEKTY\4-grywojenne-PatrykCzartowski-main\wargames\target\classes;C:\Users\ekrysiewicz\.m2\repository\junit\junit\4.11\junit-4.11.jar;C:\Users\ekrysiewicz\.m2\repository\org\hamcrest\hamcrest-core\1.3\hamcrest-core-1.3.jar;"/>
    <property name="sun.cpu.endian" value="little"/>
    <property name="user.home" value="C:\Users\ekrysiewicz"/>
    <property name="user.language" value="pl"/>
    <property name="java.specification.vendor" value="Oracle Corporation"/>
    <property name="java.version.date" value="2024-10-15"/>
    <property name="java.home" value="C:\Program Files\Eclipse Adoptium\jdk-17.0.13.11-hotspot"/>
    <property name="file.separator" value="\"/>
    <property name="basedir" value="C:\Users\ekrysiewicz\Desktop\JAVA PROJEKTY\4-grywojenne-PatrykCzartowski-main\wargames"/>
    <property name="java.vm.compressedOopsMode" value="Zero based"/>
    <property name="line.separator" value="&#10;"/>
    <property name="java.vm.specification.vendor" value="Oracle Corporation"/>
    <property name="java.specification.name" value="Java Platform API Specification"/>
    <property name="surefire.real.class.path" value="C:\Users\EKRYSI~1\AppData\Local\Temp\surefire1937040783458545537\surefirebooter833700331230593845.jar"/>
    <property name="user.script" value=""/>
    <property name="sun.management.compiler" value="HotSpot 64-Bit Tiered Compilers"/>
    <property name="java.runtime.version" value="17.0.13+11"/>
    <property name="user.name" value="ekrysiewicz"/>
    <property name="path.separator" value=";"/>
    <property name="os.version" value="10.0"/>
    <property name="java.runtime.name" value="OpenJDK Runtime Environment"/>
    <property name="file.encoding" value="Cp1250"/>
    <property name="java.vm.name" value="OpenJDK 64-Bit Server VM"/>
    <property name="java.vendor.version" value="Temurin-17.0.13+11"/>
    <property name="maven.ext.class.path" value="C:\Users\ekrysiewicz\.vscode\extensions\oracle.oracle-java-23.0.1\nbcode\java\maven-nblib\netbeans-eventspy.jar"/>
    <property name="localRepository" value="C:\Users\ekrysiewicz\.m2\repository"/>
    <property name="java.vendor.url.bug" value="https://github.com/adoptium/adoptium-support/issues"/>
    <property name="java.io.tmpdir" value="C:\Users\EKRYSI~1\AppData\Local\Temp\"/>
    <property name="java.version" value="17.0.13"/>
    <property name="user.dir" value="C:\Users\ekrysiewicz\Desktop\JAVA PROJEKTY\4-grywojenne-PatrykCzartowski-main\wargames"/>
    <property name="os.arch" value="amd64"/>
    <property name="java.vm.specification.name" value="Java Virtual Machine Specification"/>
    <property name="sun.os.patch.level" value=""/>
    <property name="native.encoding" value="Cp1250"/>
    <property name="java.library.path" value="C:\Program Files\Eclipse Adoptium\jdk-17.0.13.11-hotspot\bin;C:\windows\Sun\Java\bin;C:\windows\system32;C:\windows;C:\Program Files\Eclipse Adoptium\jdk-17.0.13.11-hotspot\bin;C:\windows\system32;C:\windows;C:\windows\System32\Wbem;C:\windows\System32\WindowsPowerShell\v1.0\;C:\windows\System32\OpenSSH\;c:\mingw\bin;C:\Program Files\PuTTY\;C:\Program Files\Git\cmd;C:\Users\ekrysiewicz\python\Scripts\;C:\Users\ekrysiewicz\python\;E:\PYTHON\Scripts\;E:\PYTHON\;C:\Users\ekrysiewicz\AppData\Local\Microsoft\WindowsApps;;C:\Program Files\JetBrains\PyCharm Community Edition 2023.3.4\bin;;C:\Exercism;C:\Program Files\JetBrains\IntelliJ IDEA 2024.2.4\bin;;C:\Users\ekrysiewicz\AppData\Local\Programs\Microsoft VS Code\bin;."/>
    <property name="java.vm.info" value="mixed mode, sharing"/>
    <property name="java.vendor" value="Eclipse Adoptium"/>
    <property name="java.vm.version" value="17.0.13+11"/>
    <property name="java.specification.maintenance.version" value="1"/>
    <property name="sun.io.unicode.encoding" value="UnicodeLittle"/>
    <property name="java.class.version" value="61.0"/>
  </properties>
  <testcase name="testCommandDrill" classname="wargames.GeneralTest" time="0.052"/>
  <testcase name="testGetArmy" classname="wargames.GeneralTest" time="0"/>
  <testcase name="testGetGold" classname="wargames.GeneralTest" time="0"/>
  <testcase name="testGetArmyStrength" classname="wargames.GeneralTest" time="0.003"/>
  <testcase name="testBuySoldier" classname="wargames.GeneralTest" time="0.007"/>
  <testcase name="testAddToArmy" classname="wargames.GeneralTest" time="0.004"/>
  <testcase name="testRemoveSoldier" classname="wargames.GeneralTest" time="0.033"/>
  <testcase name="testSetGold" classname="wargames.GeneralTest" time="0.003"/>
  <testcase name="testSetName" classname="wargames.GeneralTest" time="0"/>
</testsuite>